[debug] [2021-07-04T19:47:12.484Z] ----------------------------------------------------------------------
[debug] [2021-07-04T19:47:12.486Z] Command:       C:\Program Files\nodejs\node.exe C:\Users\Phool\AppData\Roaming\npm\node_modules\firebase-tools\lib\bin\firebase.js login
[debug] [2021-07-04T19:47:12.486Z] CLI Version:   9.14.0
[debug] [2021-07-04T19:47:12.486Z] Platform:      win32
[debug] [2021-07-04T19:47:12.486Z] Node Version:  v14.17.2
[debug] [2021-07-04T19:47:12.487Z] Time:          Sun Jul 04 2021 14:47:12 GMT-0500 (hora estándar de Colombia)
[debug] [2021-07-04T19:47:12.487Z] ----------------------------------------------------------------------
[debug] 
[debug] [2021-07-04T19:47:12.505Z] >>> [apiv2][query] GET https://firebase-public.firebaseio.com/cli.json [none]
[info] i  Firebase optionally collects CLI usage and error reporting information to help improve our products. Data is collected in accordance with Google's privacy policy (https://policies.google.com/privacy) and is not used to identify you.
 
[debug] [2021-07-04T19:47:13.364Z] <<< [apiv2][status] GET https://firebase-public.firebaseio.com/cli.json 200
[debug] [2021-07-04T19:47:13.365Z] <<< [apiv2][body] GET https://firebase-public.firebaseio.com/cli.json {"cloudBuildErrorAfter":1594252800000,"cloudBuildWarnAfter":1590019200000,"defaultNode10After":1594252800000,"minVersion":"3.0.5","node8DeploysDisabledAfter":1613390400000,"node8RuntimeDisabledAfter":1615809600000,"node8WarnAfter":1600128000000}
[info] i  To change your data collection preference at any time, run `firebase logout` and log in again. 
[info] 
[info] Visit this URL on this device to log in:
[info] https://accounts.google.com/o/oauth2/auth?client_id=563584335869-fgrhgmd47bqnekij5i8b5pr03ho849e6.apps.googleusercontent.com&scope=email%20openid%20https%3A%2F%2Fwww.googleapis.com%2Fauth%2Fcloudplatformprojects.readonly%20https%3A%2F%2Fwww.googleapis.com%2Fauth%2Ffirebase%20https%3A%2F%2Fwww.googleapis.com%2Fauth%2Fcloud-platform&response_type=code&state=147153696&redirect_uri=http%3A%2F%2Flocalhost%3A9005
[info] 
[info] Waiting for authentication...
[debug] [2021-07-04T19:54:48.376Z] ----------------------------------------------------------------------
[debug] [2021-07-04T19:54:48.379Z] Command:       C:\Program Files\nodejs\node.exe C:\Users\Phool\AppData\Roaming\npm\node_modules\firebase-tools\lib\bin\firebase.js login
[debug] [2021-07-04T19:54:48.379Z] CLI Version:   9.14.0
[debug] [2021-07-04T19:54:48.379Z] Platform:      win32
[debug] [2021-07-04T19:54:48.379Z] Node Version:  v14.17.2
[debug] [2021-07-04T19:54:48.381Z] Time:          Sun Jul 04 2021 14:54:48 GMT-0500 (hora estándar de Colombia)
[debug] [2021-07-04T19:54:48.381Z] ----------------------------------------------------------------------
[debug] 
[info] i  Firebase optionally collects CLI usage and error reporting information to help improve our products. Data is collected in accordance with Google's privacy policy (https://policies.google.com/privacy) and is not used to identify you.
 
[info] i  To change your data collection preference at any time, run `firebase logout` and log in again. 
[info] 
[info] Visit this URL on this device to log in:
[info] https://accounts.google.com/o/oauth2/auth?client_id=563584335869-fgrhgmd47bqnekij5i8b5pr03ho849e6.apps.googleusercontent.com&scope=email%20openid%20https%3A%2F%2Fwww.googleapis.com%2Fauth%2Fcloudplatformprojects.readonly%20https%3A%2F%2Fwww.googleapis.com%2Fauth%2Ffirebase%20https%3A%2F%2Fwww.googleapis.com%2Fauth%2Fcloud-platform&response_type=code&state=792180734&redirect_uri=http%3A%2F%2Flocalhost%3A9005
[info] 
[info] Waiting for authentication...
